[Function] printf (extern) -> int
  Param: fmt : cstring
  Param: val : any

[Function] sprintf (extern) -> int
  Param: buf : ptr
  Param: fmt : cstring
  Param: val : any

[Function] malloc (extern) -> ptr
  Param: size : int

[Function] realloc (extern) -> ptr
  Param: ptr : ptr
  Param: size : int

[Function] free (extern) -> void
  Param: ptr : ptr

[Function] exit (extern) -> void
  Param: code : int

[Function] strlen (extern) -> int
  Param: s : cstring

[Function] strcpy (extern) -> ptr
  Param: dest : ptr
  Param: src : cstring

[Function] strcat (extern) -> ptr
  Param: dest : ptr
  Param: src : cstring

[Function] strcmp (extern) -> int
  Param: s1 : ptr
  Param: s2 : ptr

[Struct] ListIterator
  Field: list_ref : List
  Field: idx : int

[Function] ListIterator__init -> void
  Param: l : List
  [VarDecl] := Type: 
    [MemberAccess] .list_ref
      [Literal] self
    [Literal] l
  [VarDecl] := Type: 
    [MemberAccess] .idx
      [Literal] self
    [Literal] 0

[Function] ListIterator___has_next -> bool
  [Return]
    [BinaryOp] <
      [MemberAccess] .idx
        [Literal] self
      [Call]
        [MemberAccess] .len
          [MemberAccess] .list_ref
            [Literal] self

[Function] ListIterator___next -> any
  [VarDecl] := Type: 
    [Literal] val
    [BinaryOp] []
      [MemberAccess] .list_ref
        [Literal] self
      [MemberAccess] .idx
        [Literal] self
  [VarDecl] := Type: 
    [MemberAccess] .idx
      [Literal] self
    [BinaryOp] +
      [MemberAccess] .idx
        [Literal] self
      [Literal] 1
  [Return]
    [Literal] val

[Struct] List
  Field: data : ptr
  Field: length : int
  Field: capacity : int

[Function] List__init -> void
  Param: initial_cap : int
  [If]
    Condition:
      [BinaryOp] <
        [Literal] initial_cap
        [Literal] 1
    Then:
      [VarDecl] := Type: 
        [Literal] initial_cap
        [Literal] 1
  [VarDecl] := Type: 
    [MemberAccess] .capacity
      [Literal] self
    [Literal] initial_cap
  [VarDecl] := Type: 
    [MemberAccess] .length
      [Literal] self
    [Literal] 0
  [VarDecl] := Type: 
    [MemberAccess] .data
      [Literal] self
    [Call]
      [Literal] malloc
      Arg: 
        [BinaryOp] *
          [MemberAccess] .capacity
            [Literal] self
          [Literal] 8

[Function] List_append -> void
  Param: item : any
  [If]
    Condition:
      [BinaryOp] ==
        [MemberAccess] .length
          [Literal] self
        [MemberAccess] .capacity
          [Literal] self
    Then:
      [Call]
        [MemberAccess] ._resize
          [Literal] self
        Arg: 
          [BinaryOp] *
            [MemberAccess] .capacity
              [Literal] self
            [Literal] 2
  [VarDecl] := Type: 
    [BinaryOp] []
      [MemberAccess] .data
        [Literal] self
      [MemberAccess] .length
        [Literal] self
    [Literal] item
  [VarDecl] := Type: 
    [MemberAccess] .length
      [Literal] self
    [BinaryOp] +
      [MemberAccess] .length
        [Literal] self
      [Literal] 1

[Function] List_pop -> any
  [If]
    Condition:
      [BinaryOp] ==
        [MemberAccess] .length
          [Literal] self
        [Literal] 0
    Then:
      [Return]
        [Literal] 0
  [VarDecl] := Type: 
    [MemberAccess] .length
      [Literal] self
    [BinaryOp] -
      [MemberAccess] .length
        [Literal] self
      [Literal] 1
  [Return]
    [BinaryOp] []
      [MemberAccess] .data
        [Literal] self
      [MemberAccess] .length
        [Literal] self

[Function] List_len -> int
  [Return]
    [MemberAccess] .length
      [Literal] self

[Function] List_clear -> void
  [VarDecl] := Type: 
    [MemberAccess] .length
      [Literal] self
    [Literal] 0

[Function] List_is_empty -> bool
  [Return]
    [BinaryOp] ==
      [MemberAccess] .length
        [Literal] self
      [Literal] 0

[Function] List__resize -> void
  Param: new_cap : int
  [VarDecl] := Type: 
    [MemberAccess] .capacity
      [Literal] self
    [Literal] new_cap
  [VarDecl] := Type: 
    [MemberAccess] .data
      [Literal] self
    [Call]
      [Literal] realloc
      Arg: 
        [MemberAccess] .data
          [Literal] self
      Arg: 
        [BinaryOp] *
          [Literal] new_cap
          [Literal] 8

[Function] List___del -> void
  [Call]
    [Literal] free
    Arg: 
      [MemberAccess] .data
        [Literal] self

[Function] List___iter -> ListIterator
  [Return]
    [Call]
      [Literal] ListIterator
      Arg: 
        [Literal] self

[Function] List___get -> any
  Param: index : int
  [If]
    Condition:
      [BinaryOp] <
        [Literal] index
        [Literal] 0
    Then:
      [VarDecl] := Type: 
        [Literal] index
        [BinaryOp] +
          [MemberAccess] .length
            [Literal] self
          [Literal] index
  [If]
    Condition:
      [BinaryOp] or
        [BinaryOp] <
          [Literal] index
          [Literal] 0
        [BinaryOp] >=
          [Literal] index
          [MemberAccess] .length
            [Literal] self
    Then:
      [Call]
        [Literal] printf
        Arg: 
          [Literal] "IndexError: list index out of range (index: %d, len: %d)\n"
        Arg: 
          [Literal] index
        Arg: 
          [MemberAccess] .length
            [Literal] self
      [Call]
        [Literal] exit
        Arg: 
          [Literal] 1
  [Return]
    [BinaryOp] []
      [MemberAccess] .data
        [Literal] self
      [Literal] index

[Function] List___set -> void
  Param: index : int
  Param: item : any
  [If]
    Condition:
      [BinaryOp] <
        [Literal] index
        [Literal] 0
    Then:
      [VarDecl] := Type: 
        [Literal] index
        [BinaryOp] +
          [MemberAccess] .length
            [Literal] self
          [Literal] index
  [If]
    Condition:
      [BinaryOp] or
        [BinaryOp] <
          [Literal] index
          [Literal] 0
        [BinaryOp] >=
          [Literal] index
          [MemberAccess] .length
            [Literal] self
    Then:
      [Call]
        [Literal] printf
        Arg: 
          [Literal] "IndexError: list assignment index out of range\n"
      [Call]
        [Literal] exit
        Arg: 
          [Literal] 1
  [VarDecl] := Type: 
    [BinaryOp] []
      [MemberAccess] .data
        [Literal] self
      [Literal] index
    [Literal] item

[Function] List___str -> String
  [Return]
    [Call]
      [MemberAccess] .__repr
        [Literal] self

[Function] List___repr -> String
  [VarDecl] := Type: 
    [Literal] s
    [Call]
      [Literal] String
      Arg: 
        [Literal] "["
  [VarDecl] := Type: 
    [Literal] i
    [Literal] 0
  [Unknown Node]
  [VarDecl] := Type: 
    [Literal] s
    [BinaryOp] +
      [Literal] s
      [Literal] "]"
  [Return]
    [Literal] s

[Struct] StringIterator
  Field: str_ref : String
  Field: idx : int

[Function] StringIterator__init -> void
  Param: s : String
  [VarDecl] := Type: 
    [MemberAccess] .str_ref
      [Literal] self
    [Literal] s
  [VarDecl] := Type: 
    [MemberAccess] .idx
      [Literal] self
    [Literal] 0

[Function] StringIterator___has_next -> bool
  [Return]
    [BinaryOp] <
      [MemberAccess] .idx
        [Literal] self
      [MemberAccess] .length
        [MemberAccess] .str_ref
          [Literal] self

[Function] StringIterator___next -> char
  [VarDecl] := Type: 
    [Literal] val
    [Call]
      [Literal] char_at
      Arg: 
        [MemberAccess] .buffer
          [MemberAccess] .str_ref
            [Literal] self
      Arg: 
        [MemberAccess] .idx
          [Literal] self
  [VarDecl] := Type: 
    [MemberAccess] .idx
      [Literal] self
    [BinaryOp] +
      [MemberAccess] .idx
        [Literal] self
      [Literal] 1
  [Return]
    [Literal] val

[Struct] String
  Field: length : int
  Field: buffer : cstring

[Function] String__init -> void
  Param: raw : cstring
  [VarDecl] := Type: 
    [MemberAccess] .length
      [Literal] self
    [Call]
      [Literal] strlen
      Arg: 
        [Literal] raw
  [VarDecl] := Type: 
    [MemberAccess] .buffer
      [Literal] self
    [Call]
      [Literal] malloc
      Arg: 
        [BinaryOp] +
          [MemberAccess] .length
            [Literal] self
          [Literal] 1
  [Call]
    [Literal] strcpy
    Arg: 
      [MemberAccess] .buffer
        [Literal] self
    Arg: 
      [Literal] raw

[Function] String_format (extern) -> String
  Param: args : List

[Function] String_format_map (extern) -> String
  Param: keys : List
  Param: values : List

[Function] String_format_list (extern) -> String
  Param: args : List

[Function] String_split (extern) -> List
  Param: delimiter : String

[Function] String_join (extern) -> String
  Param: items : List

[Function] String_substring (extern) -> String
  Param: start : int
  Param: end : int

[Function] String_upper (extern) -> String

[Function] String_lower (extern) -> String

[Function] String_title (extern) -> String

[Function] String_capitalize (extern) -> String

[Function] String_sentence_case (extern) -> String

[Function] String_encode (extern) -> String

[Function] String_count (extern) -> int
  Param: sub : String

[Function] String_startswith (extern) -> bool
  Param: prefix : String

[Function] String_endswith (extern) -> bool
  Param: suffix : String

[Function] String_find (extern) -> int
  Param: sub : String

[Function] String_index (extern) -> int
  Param: sub : String

[Function] String_replace (extern) -> String
  Param: old : String
  Param: new : String

[Function] String_remove (extern) -> String
  Param: sub : String

[Function] String_repeat (extern) -> String
  Param: n : int

[Function] String_reverse (extern) -> String

[Function] String_zfill (extern) -> String
  Param: width : int

[Function] String_ljust (extern) -> String
  Param: width : int
  Param: pad : String

[Function] String_rjust (extern) -> String
  Param: width : int
  Param: pad : String

[Function] String_center (extern) -> String
  Param: width : int
  Param: pad : String

[Function] String_trim (extern) -> String

[Function] String_lstrip (extern) -> String

[Function] String_rstrip (extern) -> String

[Function] String_swapcase (extern) -> String

[Function] String_isalpha (extern) -> bool

[Function] String_isdigit (extern) -> bool

[Function] String_isspace (extern) -> bool

[Function] String_contains (extern) -> bool
  Param: sub : String

[Function] String___del -> void
  [Call]
    [Literal] free
    Arg: 
      [MemberAccess] .buffer
        [Literal] self

[Function] String___iter -> StringIterator
  [Return]
    [Call]
      [Literal] StringIterator
      Arg: 
        [Literal] self

[Function] String___str -> cstring
  [Return]
    [MemberAccess] .buffer
      [Literal] self

[Function] String___repr -> cstring
  [Return]
    [BinaryOp] +
      [BinaryOp] +
        [Literal] "\""
        [MemberAccess] .buffer
          [Literal] self
      [Literal] "\""

[Function] String___add -> String
  Param: other : String
  [VarDecl] := Type: 
    [Literal] newLen
    [BinaryOp] +
      [MemberAccess] .length
        [Literal] self
      [MemberAccess] .length
        [Literal] other
  [VarDecl] := Type: 
    [Literal] raw
    [Call]
      [Literal] malloc
      Arg: 
        [BinaryOp] +
          [Literal] newLen
          [Literal] 1
  [Call]
    [Literal] strcpy
    Arg: 
      [Literal] raw
    Arg: 
      [MemberAccess] .buffer
        [Literal] self
  [Call]
    [Literal] strcat
    Arg: 
      [Literal] raw
    Arg: 
      [MemberAccess] .buffer
        [Literal] other
  [VarDecl] := Type: 
    [Literal] res
    [Call]
      [Literal] String
      Arg: 
        [Literal] raw
  [Call]
    [Literal] free
    Arg: 
      [Literal] raw
  [Return]
    [Literal] res

[Function] String___eq -> bool
  Param: other : String
  [If]
    Condition:
      [BinaryOp] !=
        [MemberAccess] .length
          [Literal] self
        [MemberAccess] .length
          [Literal] other
    Then:
      [Return]
        [Literal] false
  [Return]
    [BinaryOp] ==
      [Call]
        [Literal] strcmp
        Arg: 
          [MemberAccess] .buffer
            [Literal] self
        Arg: 
          [MemberAccess] .buffer
            [Literal] other
      [Literal] 0

[Function] String_empty -> bool
  [Return]
    [BinaryOp] ==
      [MemberAccess] .length
        [Literal] self
      [Literal] 0

[Function] main -> void
  [VarDecl] := Type: 
    [Literal] num
    [Literal] 12345
  [VarDecl] := Type: 
    [Literal] base_str
    [Literal] " this is my string. A String contains characters. "
  [Call]
    [Literal] print
    Arg: 
      [Call]
        [MemberAccess] .upper
          [Literal] base_str
  [Call]
    [Literal] print
    Arg: 
      [Call]
        [MemberAccess] .title
          [Literal] base_str
  [Call]
    [Literal] print
    Arg: 
      [Call]
        [MemberAccess] .lower
          [Literal] base_str
  [Call]
    [Literal] print
    Arg: 
      [Call]
        [MemberAccess] .capitalize
          [Literal] base_str
  [Call]
    [Literal] print
    Arg: 
      [Call]
        [MemberAccess] .sentence_case
          [Literal] base_str
  [VarDecl] := Type: 
    [Literal] url
    [Literal] "https://example.com/search?q=hello world!"
  [Call]
    [Literal] print
    Arg: 
      [Call]
        [MemberAccess] .encode
          [Literal] url
  [Call]
    [Literal] print
    Arg: 
      [Call]
        [MemberAccess] .count
          [Literal] base_str
        Arg: 
          [Literal] "i"
  [Call]
    [Literal] print
    Arg: 
      [Call]
        [MemberAccess] .endswith
          [Literal] base_str
        Arg: 
          [Literal] "characters."
  [Call]
    [Literal] print
    Arg: 
      [Call]
        [MemberAccess] .find
          [Literal] base_str
        Arg: 
          [Literal] "contains"
  [Call]
    [Literal] print
    Arg: 
      [Call]
        [MemberAccess] .format
          [Literal] "This is simple format: %s"
        Arg: 
          [Literal] "Hello world"
  [Call]
    [Literal] print
    Arg: 
      [Call]
        [MemberAccess] .format
          [Literal] "This is %{type} format: %{msg}"
        Arg: type
          [Literal] "complex"
        Arg: msg
          [Literal] "Hello world"
  [Call]
    [Literal] print
    Arg: 
      [Call]
        [MemberAccess] .index
          [Literal] base_str
        Arg: 
          [Literal] "String"
  [Call]
    [Literal] print
    Arg: 
      [Call]
        [MemberAccess] .trim
          [Literal] base_str
  [Call]
    [Literal] print
    Arg: 
      [Call]
        [MemberAccess] .replace
          [Literal] base_str
        Arg: 
          [Literal] "String"
        Arg: 
          [Literal] "STRING"
  [Call]
    [Literal] print
    Arg: 
      [Call]
        [MemberAccess] .startswith
          [Literal] base_str
        Arg: 
          [Literal] "potato"
  [Call]
    [Literal] print
    Arg: 
      [Call]
        [MemberAccess] .substring
          [Literal] base_str
        Arg: 
          [Literal] 5
        Arg: 
          [Literal] 10
  [Call]
    [Literal] print
    Arg: 
      [Call]
        [MemberAccess] .join
          [Literal] "|"
        Arg: 
          [Unknown Node]
  [Call]
    [Literal] print
    Arg: 
      [Call]
        [MemberAccess] .isdigit
          [Literal] "12"
  [Call]
    [Literal] print
    Arg: 
      [Call]
        [MemberAccess] .isalpha
          [Literal] "12"
  [Call]
    [Literal] print
    Arg: 
      [Call]
        [MemberAccess] .remove
          [Literal] base_str
        Arg: 
          [Literal] "l"
  [Call]
    [Literal] print
    Arg: 
      [Call]
        [MemberAccess] .repeat
          [Literal] "-"
        Arg: 
          [Literal] 10
  [Call]
    [Literal] print
    Arg: 
      [Call]
        [MemberAccess] .reverse
          [Literal] "stressed"
  [VarDecl] := Type: 
    [Literal] id
    [Literal] "42"
  [Call]
    [Literal] print
    Arg: 
      [BinaryOp] +
        [Literal] "ID: "
        [Call]
          [MemberAccess] .zfill
            [Literal] id
          Arg: 
            [Literal] 5
  [VarDecl] := Type: 
    [Literal] col1
    [Call]
      [MemberAccess] .ljust
        [Literal] "Name"
      Arg: 
        [Literal] 10
      Arg: 
        [Literal] " "
  [VarDecl] := Type: 
    [Literal] col2
    [Call]
      [MemberAccess] .rjust
        [Literal] "Price"
      Arg: 
        [Literal] 8
      Arg: 
        [Literal] " "
  [Call]
    [Literal] print
    Arg: 
      [BinaryOp] +
        [BinaryOp] +
          [Literal] col1
          [Literal] "|"
        [Literal] col2
  [VarDecl] := Type: 
    [Literal] val1
    [Call]
      [MemberAccess] .ljust
        [Literal] "Apple"
      Arg: 
        [Literal] 10
      Arg: 
        [Literal] "."
  [VarDecl] := Type: 
    [Literal] val2
    [Call]
      [MemberAccess] .rjust
        [Literal] "$1.50"
      Arg: 
        [Literal] 8
      Arg: 
        [Literal] "."
  [Call]
    [Literal] print
    Arg: 
      [BinaryOp] +
        [BinaryOp] +
          [Literal] val1
          [Literal] "|"
        [Literal] val2
  [If]
    Condition:
      [Call]
        [MemberAccess] .contains
          [Literal] "Team"
        Arg: 
          [Literal] "ea"
    Then:
      [Call]
        [Literal] print
        Arg: 
          [Literal] "Found it!"

