[DEBUG] Loading standard library...
[DEBUG] Processing file: stdlib/std/init.qk
[DEBUG] Processing file: stdlib/std/sys.qk
[DEBUG] Processing file: stdlib/std/collections/list.qk
[DEBUG] Processing file: stdlib/std/sys.qk
[DEBUG] Processing file: stdlib/std/string.qk
[DEBUG] Processing file: stdlib/std/sys.qk
[DEBUG] Processing file: stdlib/std/collections/list.qk
[DEBUG] Loading user file...
[DEBUG] Processing file: tests/strings.qk
[DEBUG] Dumping AST to ast.log...
[DEBUG] Running Semantic Analysis...
[SEMA] Found 'print' call. Arg Count: 1
  [SEMA] Arg Type: String
[SEMA] Found 'print' call. Arg Count: 1
  [SEMA] Arg Type: String
[SEMA] Found 'print' call. Arg Count: 1
  [SEMA] Arg Type: String
[SEMA] Found 'print' call. Arg Count: 1
  [SEMA] Arg Type: String
[SEMA] Found 'print' call. Arg Count: 1
  [SEMA] Arg Type: String
[SEMA] Found 'print' call. Arg Count: 1
  [SEMA] Arg Type: String
[SEMA] Found 'print' call. Arg Count: 1
  [SEMA] Arg Type: int
[SEMA] Found 'print' call. Arg Count: 1
  [SEMA] Arg Type: bool
[SEMA] Found 'print' call. Arg Count: 1
  [SEMA] Arg Type: int
[SEMA] Found 'print' call. Arg Count: 1
  [SEMA] Arg Type: String
[SEMA] Found 'print' call. Arg Count: 1
  [SEMA] Arg Type: String
[SEMA] Found 'print' call. Arg Count: 1
  [SEMA] Arg Type: int
[SEMA] Found 'print' call. Arg Count: 1
  [SEMA] Arg Type: String
[SEMA] Found 'print' call. Arg Count: 1
  [SEMA] Arg Type: String
[SEMA] Found 'print' call. Arg Count: 1
  [SEMA] Arg Type: bool
[SEMA] Found 'print' call. Arg Count: 1
  [SEMA] Arg Type: String
[SEMA] Found 'print' call. Arg Count: 1
  [SEMA] Arg Type: String
[SEMA] Found 'print' call. Arg Count: 1
  [SEMA] Arg Type: bool
[SEMA] Found 'print' call. Arg Count: 1
  [SEMA] Arg Type: bool
[SEMA] Found 'print' call. Arg Count: 1
  [SEMA] Arg Type: String
[SEMA] Found 'print' call. Arg Count: 1
  [SEMA] Arg Type: String
[SEMA] Found 'print' call. Arg Count: 1
  [SEMA] Arg Type: String
[SEMA] Found 'print' call. Arg Count: 1
  [SEMA] Arg Type: cstring
[SEMA] Found 'print' call. Arg Count: 1
  [SEMA] Arg Type: String
[SEMA] Found 'print' call. Arg Count: 1
  [SEMA] Arg Type: String
[SEMA] Found 'print' call. Arg Count: 1
  [SEMA] Arg Type: cstring
[DEBUG] Starting Code Generation...
[CG] Starting Compilation...
[CG] Modules Registered. Structs: 8
[CG] Pass 0: User Structs...
[CG] Pass 1: Function Declarations...
[CG] Pass 2: Function Bodies...
  -> Compiling printf...
  -> Compiling sprintf...
  -> Compiling malloc...
  -> Compiling realloc...
  -> Compiling free...
  -> Compiling exit...
  -> Compiling strlen...
  -> Compiling strcpy...
  -> Compiling strcat...
  -> Compiling strcmp...
  -> Compiling ListIterator__init...
     [Arg] self
     [Arg] l
     [Stmt 0] Processing...
     [Stmt 1] Processing...
  -> Compiling ListIterator___has_next...
     [Arg] self
     [Stmt 0] Processing...
  -> Compiling ListIterator___next...
     [Arg] self
     [Stmt 0] Processing...
     [Stmt 1] Processing...
     [Stmt 2] Processing...
  -> Compiling List__init...
     [Arg] self
     [Arg] initial_cap
     [Stmt 0] Processing...
     [Stmt 1] Processing...
     [Stmt 2] Processing...
     [Stmt 3] Processing...
  -> Compiling List_append...
     [Arg] self
     [Arg] item
     [Stmt 0] Processing...
     [Stmt 1] Processing...
     [Stmt 2] Processing...
  -> Compiling List_pop...
     [Arg] self
     [Stmt 0] Processing...
     [Stmt 1] Processing...
     [Stmt 2] Processing...
  -> Compiling List_len...
     [Arg] self
     [Stmt 0] Processing...
  -> Compiling List_clear...
     [Arg] self
     [Stmt 0] Processing...
  -> Compiling List_is_empty...
     [Arg] self
     [Stmt 0] Processing...
  -> Compiling List__resize...
     [Arg] self
     [Arg] new_cap
     [Stmt 0] Processing...
     [Stmt 1] Processing...
  -> Compiling List___del...
     [Arg] self
     [Stmt 0] Processing...
  -> Compiling List___iter...
     [Arg] self
     [Stmt 0] Processing...
  -> Compiling List___get...
     [Arg] self
     [Arg] index
     [Stmt 0] Processing...
     [Stmt 1] Processing...
     [Stmt 2] Processing...
  -> Compiling List___set...
     [Arg] self
     [Arg] index
     [Arg] item
     [Stmt 0] Processing...
     [Stmt 1] Processing...
     [Stmt 2] Processing...
  -> Compiling List___str...
     [Arg] self
     [Stmt 0] Processing...
  -> Compiling List___repr...
     [Arg] self
     [Stmt 0] Processing...
     [Stmt 1] Processing...
     [Stmt 2] Processing...
     [Stmt 3] Processing...
     [Stmt 4] Processing...
  -> Compiling StringIterator__init...
     [Arg] self
     [Arg] s
     [Stmt 0] Processing...
     [Stmt 1] Processing...
  -> Compiling StringIterator___has_next...
     [Arg] self
     [Stmt 0] Processing...
  -> Compiling StringIterator___next...
     [Arg] self
     [Stmt 0] Processing...
     [Stmt 1] Processing...
     [Stmt 2] Processing...
  -> Compiling String__init...
     [Arg] self
     [Arg] raw
     [Stmt 0] Processing...
     [Stmt 1] Processing...
     [Stmt 2] Processing...
  -> Compiling String_format...
  -> Compiling String_format_map...
  -> Compiling String_format_list...
  -> Compiling String_split...
  -> Compiling String_join...
  -> Compiling String_substring...
  -> Compiling String_upper...
  -> Compiling String_lower...
  -> Compiling String_title...
  -> Compiling String_capitalize...
  -> Compiling String_sentence_case...
  -> Compiling String_encode...
  -> Compiling String_count...
  -> Compiling String_startswith...
  -> Compiling String_endswith...
  -> Compiling String_find...
  -> Compiling String_index...
  -> Compiling String_replace...
  -> Compiling String_remove...
  -> Compiling String_repeat...
  -> Compiling String_reverse...
  -> Compiling String_zfill...
  -> Compiling String_ljust...
  -> Compiling String_rjust...
  -> Compiling String_center...
  -> Compiling String_trim...
  -> Compiling String_lstrip...
  -> Compiling String_rstrip...
  -> Compiling String_swapcase...
  -> Compiling String_isalpha...
  -> Compiling String_isdigit...
  -> Compiling String_isspace...
  -> Compiling String_contains...
  -> Compiling String___del...
     [Arg] self
     [Stmt 0] Processing...
  -> Compiling String___iter...
     [Arg] self
     [Stmt 0] Processing...
  -> Compiling String___str...
     [Arg] self
     [Stmt 0] Processing...
  -> Compiling String___repr...
     [Arg] self
     [Stmt 0] Processing...
  -> Compiling String___add...
     [Arg] self
     [Arg] other
     [Stmt 0] Processing...
     [Stmt 1] Processing...
     [Stmt 2] Processing...
     [Stmt 3] Processing...
     [Stmt 4] Processing...
     [Stmt 5] Processing...
     [Stmt 6] Processing...
  -> Compiling String___eq...
     [Arg] self
     [Arg] other
     [Stmt 0] Processing...
     [Stmt 1] Processing...
  -> Compiling String_empty...
     [Arg] self
     [Stmt 0] Processing...
[CG] Pass 3: Main...
[CG] Found main function. Generating body...
[CG] Generating Print for 1 arguments.
  [CG] Value Type ID: 15
  [CG] Is Pointer. Element Type: 13
  [CG] Handling Struct: String
[CG] Generating Print for 1 arguments.
  [CG] Value Type ID: 15
  [CG] Is Pointer. Element Type: 13
  [CG] Handling Struct: String
[CG] Generating Print for 1 arguments.
  [CG] Value Type ID: 15
  [CG] Is Pointer. Element Type: 13
  [CG] Handling Struct: String
[CG] Generating Print for 1 arguments.
  [CG] Value Type ID: 15
  [CG] Is Pointer. Element Type: 13
  [CG] Handling Struct: String
[CG] Generating Print for 1 arguments.
  [CG] Value Type ID: 15
  [CG] Is Pointer. Element Type: 13
  [CG] Handling Struct: String
[CG] Generating Print for 1 arguments.
  [CG] Value Type ID: 15
  [CG] Is Pointer. Element Type: 13
  [CG] Handling Struct: String
[CG] Generating Print for 1 arguments.
  [CG] Value Type ID: 11
[CG] Generating Print for 1 arguments.
  [CG] Value Type ID: 11
[CG] Generating Print for 1 arguments.
  [CG] Value Type ID: 11
[CG] Generating Print for 1 arguments.
  [CG] Value Type ID: 15
  [CG] Is Pointer. Element Type: 13
  [CG] Handling Struct: String
[CG] Generating Print for 1 arguments.
  [CG] Value Type ID: 15
  [CG] Is Pointer. Element Type: 13
  [CG] Handling Struct: String
[CG] Generating Print for 1 arguments.
  [CG] Value Type ID: 11
[CG] Generating Print for 1 arguments.
  [CG] Value Type ID: 15
  [CG] Is Pointer. Element Type: 13
  [CG] Handling Struct: String
[CG] Generating Print for 1 arguments.
  [CG] Value Type ID: 15
  [CG] Is Pointer. Element Type: 13
  [CG] Handling Struct: String
[CG] Generating Print for 1 arguments.
  [CG] Value Type ID: 11
[CG] Generating Print for 1 arguments.
  [CG] Value Type ID: 15
  [CG] Is Pointer. Element Type: 13
  [CG] Handling Struct: String
[CG] Generating Print for 1 arguments.
  [CG] Value Type ID: 15
  [CG] Is Pointer. Element Type: 13
  [CG] Handling Struct: String
[CG] Generating Print for 1 arguments.
  [CG] Value Type ID: 11
[CG] Generating Print for 1 arguments.
  [CG] Value Type ID: 11
[CG] Generating Print for 1 arguments.
  [CG] Value Type ID: 15
  [CG] Is Pointer. Element Type: 13
  [CG] Handling Struct: String
[CG] Generating Print for 1 arguments.
  [CG] Value Type ID: 15
  [CG] Is Pointer. Element Type: 13
  [CG] Handling Struct: String
[CG] Generating Print for 1 arguments.
  [CG] Value Type ID: 15
  [CG] Is Pointer. Element Type: 13
  [CG] Handling Struct: String
[CG] Generating Print for 1 arguments.
  [CG] Value Type ID: 15
  [CG] Is Pointer. Element Type: 13
  [CG] Handling Struct: String
[CG] Generating Print for 1 arguments.
  [CG] Value Type ID: 15
  [CG] Is Pointer. Element Type: 13
  [CG] Handling Struct: String
[CG] Generating Print for 1 arguments.
  [CG] Value Type ID: 15
  [CG] Is Pointer. Element Type: 13
  [CG] Handling Struct: String
[CG] Generating Print for 1 arguments.
  [CG] Value Type ID: 15
  [CG] Is Pointer. Element Type: 11
[CG] Finished. Printing...
[DEBUG] Compilation finished. Executing with lli...
[DEBUG] Done!
